[demo.mutationmedia.net/SPLIT/index.html]
[backblue.gif]
[fade.gif]
[index.html]
[demo.mutationmedia.net/SPLIT/css/bootstrap.css]
[demo.mutationmedia.net/SPLIT/css/owl-carousel/owl.carousel.css]
[demo.mutationmedia.net/SPLIT/css/owl-carousel/owl.theme.css]
[demo.mutationmedia.net/SPLIT/css/magnific-popup.css]
[demo.mutationmedia.net/SPLIT/css/font.css]
[demo.mutationmedia.net/SPLIT/css/fontello.css]
[demo.mutationmedia.net/SPLIT/css/base.css]
[demo.mutationmedia.net/SPLIT/css/main.css]
[demo.mutationmedia.net/SPLIT/css/styles/switcher.css]
[demo.mutationmedia.net/SPLIT/css/styles/clr-1.css]
[demo.mutationmedia.net/SPLIT/css/styles/clr-2.css]
[demo.mutationmedia.net/SPLIT/css/styles/clr-3.css]
[demo.mutationmedia.net/SPLIT/css/styles/clr-4.css]
[demo.mutationmedia.net/SPLIT/css/styles/clr-5.css]
[demo.mutationmedia.net/SPLIT/css/styles/clr-6.css]
[demo.mutationmedia.net/SPLIT/css/styles/clr-7.css]
[demo.mutationmedia.net/SPLIT/css/styles/clr-8.css]
[demo.mutationmedia.net/SPLIT/css/styles/clr-9.css]
[demo.mutationmedia.net/SPLIT/css/styles/clr-10.css]
[demo.mutationmedia.net/SPLIT/css/styles/clr-11.css]
[demo.mutationmedia.net/SPLIT/css/styles/clr-12.css]
[demo.mutationmedia.net/SPLIT/css/styles/clr-13.css]
[demo.mutationmedia.net/SPLIT/css/styles/clr-14.css]
[demo.mutationmedia.net/SPLIT/css/styles/clr-15.css]
[demo.mutationmedia.net/SPLIT/css/styles/clr-16.css]
[demo.mutationmedia.net/SPLIT/css/styles/clr-17.css]
[demo.mutationmedia.net/SPLIT/css/styles/clr-18.css]
[demo.mutationmedia.net/SPLIT/css/styles/clr-19.css]
[demo.mutationmedia.net/SPLIT/css/styles/clr-20.css]
[demo.mutationmedia.net/SPLIT/css/styles/clr-21.css]
[demo.mutationmedia.net/SPLIT/css/styles/clr-22.css]
[demo.mutationmedia.net/SPLIT/css/styles/clr-23.css]
[demo.mutationmedia.net/SPLIT/css/styles/clr-24.css]
[demo.mutationmedia.net/SPLIT/css/styles/clr-25.css]
[demo.mutationmedia.net/SPLIT/css/styles/clr-26.css]
[demo.mutationmedia.net/SPLIT/css/styles/clr-27.css]
[demo.mutationmedia.net/SPLIT/css/styles/clr-28.css]
[demo.mutationmedia.net/SPLIT/css/styles/clr-29.css]
[demo.mutationmedia.net/SPLIT/css/styles/clr-30.css]
[demo.mutationmedia.net/SPLIT/css/styles/clr-31.css]
[demo.mutationmedia.net/SPLIT/css/styles/clr-32.css]
[demo.mutationmedia.net/SPLIT/css/styles/clr-33.css]
[demo.mutationmedia.net/SPLIT/img/profile.jpg]
[demo.mutationmedia.net/SPLIT/img/testimonial/1.jpg]
[demo.mutationmedia.net/SPLIT/img/testimonial/2.jpg]
[demo.mutationmedia.net/SPLIT/img/portfolio/1.jpg]
[demo.mutationmedia.net/SPLIT/img/portfolio/2.jpg]
[demo.mutationmedia.net/SPLIT/img/portfolio/3.jpg]
[demo.mutationmedia.net/SPLIT/img/portfolio/4.jpg]
[demo.mutationmedia.net/SPLIT/img/portfolio/5.jpg]
[demo.mutationmedia.net/SPLIT/img/portfolio/6.jpg]
[demo.mutationmedia.net/SPLIT/img/portfolio/7.jpg]
[demo.mutationmedia.net/SPLIT/img/portfolio/8.jpg]
[demo.mutationmedia.net/SPLIT/img/portfolio/9.jpg]
[demo.mutationmedia.net/SPLIT/img/portfolio/10.jpg]
[demo.mutationmedia.net/SPLIT/img/portfolio/11.jpg]
[demo.mutationmedia.net/SPLIT/img/portfolio/12.jpg]
[demo.mutationmedia.net/SPLIT/img/blog/1.jpg]
[demo.mutationmedia.net/SPLIT/blog_single.html]
[demo.mutationmedia.net/SPLIT/blog.html]
[demo.mutationmedia.net/SPLIT/js/jquery-migrate-1.2.1.js]
[demo.mutationmedia.net/SPLIT/js/owl.carousel.js]
[demo.mutationmedia.net/SPLIT/js/jquery-1.11.3.min.js]
[demo.mutationmedia.net/SPLIT/js/jquery.magnific-popup.js]
[demo.mutationmedia.net/SPLIT/js/jquery.easytabs.min.js]
[demo.mutationmedia.net/SPLIT/js/jquery.easing.1.3.js]
[demo.mutationmedia.net/SPLIT/js/modernizr.js]
[demo.mutationmedia.net/SPLIT/js/placeholders.min.js]
[demo.mutationmedia.net/SPLIT/js/Switcher/switcher.js]
[demo.mutationmedia.net/SPLIT/index.html]
[demo.mutationmedia.net/SPLIT/css/bootstrap.css]
[demo.mutationmedia.net/SPLIT/css/owl-carousel/owl.carousel.css]
[demo.mutationmedia.net/SPLIT/js/script.js]
[demo.mutationmedia.net/SPLIT/css/owl-carousel/AjaxLoader.gif]
[demo.mutationmedia.net/SPLIT/css/owl-carousel/owl.theme.css]
[demo.mutationmedia.net/SPLIT/css/magnific-popup.css]
[demo.mutationmedia.net/SPLIT/font/OpenSans-Bold-webfont.eot]
[demo.mutationmedia.net/SPLIT/font/OpenSans-Bold-webfontd41d.eot]
[demo.mutationmedia.net/SPLIT/font/OpenSans-Bold-webfont.woff]
[demo.mutationmedia.net/SPLIT/font/OpenSans-Bold-webfont.ttf]
[demo.mutationmedia.net/SPLIT/OpenSans-Bold-webfont.4c.delayed]
[demo.mutationmedia.net/SPLIT/font/OpenSans-BoldItalic-webfont.eot]
[demo.mutationmedia.net/SPLIT/font/OpenSans-BoldItalic-webfontd41d.eot]
[demo.mutationmedia.net/SPLIT/font/OpenSans-BoldItalic-webfont.woff]
[demo.mutationmedia.net/SPLIT/font/OpenSans-BoldItalic-webfont.ttf]
[demo.mutationmedia.net/SPLIT/font/OpenSans-BoldItalic-webfont.svg]
[demo.mutationmedia.net/SPLIT/font/OpenSans-ExtraBold-webfont.eot]
[demo.mutationmedia.net/SPLIT/font/OpenSans-ExtraBold-webfontd41d.eot]
[demo.mutationmedia.net/SPLIT/font/OpenSans-ExtraBold-webfont.woff]
[demo.mutationmedia.net/SPLIT/font/OpenSans-ExtraBold-webfont.ttf]
[demo.mutationmedia.net/SPLIT/font/OpenSans-ExtraBold-webfont.svg]
[demo.mutationmedia.net/SPLIT/font/OpenSans-ExtraBoldItalic-webfont.eot]
[demo.mutationmedia.net/SPLIT/font/OpenSans-ExtraBoldItalic-webfontd41d.eot]
[demo.mutationmedia.net/SPLIT/font/OpenSans-ExtraBoldItalic-webfont.woff]
[demo.mutationmedia.net/SPLIT/font/OpenSans-ExtraBoldItalic-webfont.ttf]
[demo.mutationmedia.net/SPLIT/font/OpenSans-ExtraBoldItalic-webfont.svg]
[demo.mutationmedia.net/SPLIT/font/OpenSans-Italic-webfont.eot]
[demo.mutationmedia.net/SPLIT/font/OpenSans-Italic-webfontd41d.eot]
[demo.mutationmedia.net/SPLIT/font/OpenSans-Italic-webfont.woff]
[demo.mutationmedia.net/SPLIT/font/OpenSans-Italic-webfont.ttf]
[demo.mutationmedia.net/SPLIT/font/OpenSans-Italic-webfont.svg]
[demo.mutationmedia.net/SPLIT/font/OpenSans-Light-webfont.eot]
[demo.mutationmedia.net/SPLIT/font/OpenSans-Light-webfontd41d.eot]
[demo.mutationmedia.net/SPLIT/font/OpenSans-Light-webfont.woff]
[demo.mutationmedia.net/SPLIT/font/OpenSans-Light-webfont.ttf]
[demo.mutationmedia.net/SPLIT/font/OpenSans-Light-webfont.svg]
[demo.mutationmedia.net/SPLIT/font/OpenSans-LightItalic-webfont.eot]
[demo.mutationmedia.net/SPLIT/font/OpenSans-LightItalic-webfontd41d.eot]
[demo.mutationmedia.net/SPLIT/font/OpenSans-LightItalic-webfont.woff]
[demo.mutationmedia.net/SPLIT/font/OpenSans-LightItalic-webfont.ttf]
[demo.mutationmedia.net/SPLIT/font/OpenSans-LightItalic-webfont.svg]
[demo.mutationmedia.net/SPLIT/font/OpenSans-Regular-webfont.eot]
[demo.mutationmedia.net/SPLIT/font/OpenSans-Regular-webfontd41d.eot]
[demo.mutationmedia.net/SPLIT/font/OpenSans-Regular-webfont.woff]
[demo.mutationmedia.net/SPLIT/font/OpenSans-Regular-webfont.ttf]
[demo.mutationmedia.net/SPLIT/font/OpenSans-Regular-webfont.svg]
[demo.mutationmedia.net/SPLIT/font/OpenSans-Semibold-webfont.eot]
[demo.mutationmedia.net/SPLIT/font/OpenSans-Semibold-webfontd41d.eot]
[demo.mutationmedia.net/SPLIT/font/OpenSans-Semibold-webfont.woff]
[demo.mutationmedia.net/SPLIT/font/OpenSans-Semibold-webfont.ttf]
[demo.mutationmedia.net/SPLIT/font/OpenSans-Semibold-webfont.svg]
[demo.mutationmedia.net/SPLIT/font/OpenSans-SemiboldItalic-webfont.eot]
[demo.mutationmedia.net/SPLIT/font/OpenSans-SemiboldItalic-webfontd41d.eot]
[demo.mutationmedia.net/SPLIT/font/OpenSans-SemiboldItalic-webfont.woff]
[demo.mutationmedia.net/SPLIT/font/OpenSans-SemiboldItalic-webfont.ttf]
[demo.mutationmedia.net/SPLIT/font/OpenSans-SemiboldItalic-webfont.svg]
[demo.mutationmedia.net/SPLIT/css/font.css]
[demo.mutationmedia.net/SPLIT/font/fontello7115.eot]
[demo.mutationmedia.net/SPLIT/font/fontello7115.woff]
[demo.mutationmedia.net/SPLIT/font/fontello7115.ttf]
[demo.mutationmedia.net/SPLIT/css/fontello.css]
[demo.mutationmedia.net/SPLIT/css/base.css]
[demo.mutationmedia.net/SPLIT/css/main.css]
[demo.mutationmedia.net/SPLIT/css/styles/switcher.css]
[demo.mutationmedia.net/SPLIT/css/styles/clr-1.css]
[demo.mutationmedia.net/SPLIT/css/styles/clr-2.css]
[demo.mutationmedia.net/SPLIT/css/styles/clr-3.css]
[demo.mutationmedia.net/SPLIT/css/styles/clr-4.css]
[demo.mutationmedia.net/SPLIT/css/styles/clr-5.css]
[demo.mutationmedia.net/SPLIT/css/styles/clr-6.css]
[demo.mutationmedia.net/SPLIT/css/styles/clr-7.css]
[demo.mutationmedia.net/SPLIT/css/styles/clr-8.css]
[demo.mutationmedia.net/SPLIT/css/styles/clr-9.css]
[demo.mutationmedia.net/SPLIT/css/styles/clr-10.css]
[demo.mutationmedia.net/SPLIT/css/styles/clr-11.css]
[demo.mutationmedia.net/SPLIT/css/styles/clr-12.css]
[demo.mutationmedia.net/SPLIT/css/styles/clr-13.css]
[demo.mutationmedia.net/SPLIT/css/styles/clr-14.css]
[demo.mutationmedia.net/SPLIT/css/styles/clr-15.css]
[demo.mutationmedia.net/SPLIT/css/styles/clr-16.css]
[demo.mutationmedia.net/SPLIT/css/styles/clr-17.css]
[demo.mutationmedia.net/SPLIT/css/styles/clr-18.css]
[demo.mutationmedia.net/SPLIT/css/styles/clr-19.css]
[demo.mutationmedia.net/SPLIT/css/styles/clr-20.css]
[demo.mutationmedia.net/SPLIT/css/styles/clr-21.css]
[demo.mutationmedia.net/SPLIT/css/styles/clr-22.css]
[demo.mutationmedia.net/SPLIT/css/styles/clr-23.css]
[demo.mutationmedia.net/SPLIT/css/styles/clr-24.css]
[demo.mutationmedia.net/SPLIT/css/styles/clr-25.css]
[demo.mutationmedia.net/SPLIT/css/styles/clr-26.css]
[demo.mutationmedia.net/SPLIT/css/styles/clr-27.css]
[demo.mutationmedia.net/SPLIT/css/styles/clr-28.css]
[demo.mutationmedia.net/SPLIT/css/styles/clr-29.css]
[demo.mutationmedia.net/SPLIT/css/styles/clr-30.css]
[demo.mutationmedia.net/SPLIT/css/styles/clr-31.css]
[demo.mutationmedia.net/SPLIT/css/styles/clr-32.css]
[demo.mutationmedia.net/SPLIT/css/styles/clr-33.css]
[demo.mutationmedia.net/SPLIT/img/portfolio/large-1.jpg]
[demo.mutationmedia.net/SPLIT/img/portfolio/large-2.jpg]
[demo.mutationmedia.net/SPLIT/index-2.html]
[demo.mutationmedia.net/SPLIT/img/portfolio/large-3.jpg]
[demo.mutationmedia.net/SPLIT/img/portfolio/large-4.jpg]
[demo.mutationmedia.net/SPLIT/project_single.html]
[demo.mutationmedia.net/SPLIT/img/comment/1.jpg]
[demo.mutationmedia.net/SPLIT/img/comment/2.jpg]
[demo.mutationmedia.net/SPLIT/img/comment/3.jpg]
[demo.mutationmedia.net/SPLIT/blog_single.html]
[demo.mutationmedia.net/SPLIT/img/blog/2.jpg]
[demo.mutationmedia.net/SPLIT/img/blog/3.jpg]
[demo.mutationmedia.net/SPLIT/blog.html]
[demo.mutationmedia.net/SPLIT/font/OpenSans-Bold-webfont.html]
[demo.mutationmedia.net/SPLIT/font/OpenSans-Bold-webfontd41d.html]
[demo.mutationmedia.net/SPLIT/OpenSans-Bold-webfont.html]
[demo.mutationmedia.net/SPLIT/font/OpenSans-BoldItalic-webfont.html]
[demo.mutationmedia.net/SPLIT/font/OpenSans-BoldItalic-webfontd41d.html]
[demo.mutationmedia.net/SPLIT/font/OpenSans-BoldItalic-webfont-2.html]
[demo.mutationmedia.net/SPLIT/font/OpenSans-ExtraBold-webfont.html]
[demo.mutationmedia.net/SPLIT/font/OpenSans-ExtraBold-webfontd41d.html]
[demo.mutationmedia.net/SPLIT/font/OpenSans-ExtraBold-webfont-2.html]
[demo.mutationmedia.net/SPLIT/font/OpenSans-ExtraBoldItalic-webfont.html]
[demo.mutationmedia.net/SPLIT/font/OpenSans-ExtraBoldItalic-webfontd41d.html]
[demo.mutationmedia.net/SPLIT/font/OpenSans-ExtraBoldItalic-webfont-2.html]
[demo.mutationmedia.net/SPLIT/font/OpenSans-Italic-webfont.html]
[demo.mutationmedia.net/SPLIT/font/OpenSans-Italic-webfontd41d.html]
[demo.mutationmedia.net/SPLIT/font/OpenSans-Italic-webfont-2.html]
[demo.mutationmedia.net/SPLIT/font/OpenSans-Light-webfont.html]
[demo.mutationmedia.net/SPLIT/font/OpenSans-Light-webfontd41d.html]
[demo.mutationmedia.net/SPLIT/font/OpenSans-Light-webfont-2.html]
[demo.mutationmedia.net/SPLIT/font/OpenSans-LightItalic-webfont.html]
[demo.mutationmedia.net/SPLIT/font/OpenSans-LightItalic-webfontd41d.html]
[demo.mutationmedia.net/SPLIT/font/OpenSans-LightItalic-webfont-2.html]
[demo.mutationmedia.net/SPLIT/font/OpenSans-Regular-webfont.html]
[demo.mutationmedia.net/SPLIT/font/OpenSans-Regular-webfontd41d.html]
[demo.mutationmedia.net/SPLIT/font/OpenSans-Regular-webfont-2.html]
[demo.mutationmedia.net/SPLIT/font/OpenSans-Semibold-webfont.html]
[demo.mutationmedia.net/SPLIT/font/OpenSans-Semibold-webfontd41d.html]
[demo.mutationmedia.net/SPLIT/font/OpenSans-Semibold-webfont-2.html]
[demo.mutationmedia.net/SPLIT/font/OpenSans-SemiboldItalic-webfont.html]
[demo.mutationmedia.net/SPLIT/font/OpenSans-SemiboldItalic-webfontd41d.html]
[demo.mutationmedia.net/SPLIT/font/OpenSans-SemiboldItalic-webfont-2.html]
[demo.mutationmedia.net/SPLIT/font/fontello7115.svg]
[demo.mutationmedia.net/SPLIT/index-2.html]
